INFO:sim:172 - Generating IP...
Applying current project options...
Finished applying current project options.
Resolving generics for 'sdram_pll'...
WARNING:sim - A core named 'sdram_pll' already exists in the project. Output
   products for this core may be overwritten.
Applying external generics to 'sdram_pll'...
Delivering associated files for 'sdram_pll'...
WARNING:sim - Component clk_wiz_v3_6 does not have a valid model name for
   Verilog synthesis
Delivering EJava files for 'sdram_pll'...
Delivered 3 files into directory
D:/Projects/FPGA/cartoon/26_sdram_ov5640_lcd/sdram_ov5640_lcd/ipcore_dir/tmp/_cg
/sdram_pll
Delivered 1 file into directory
D:/Projects/FPGA/cartoon/26_sdram_ov5640_lcd/sdram_ov5640_lcd/ipcore_dir/tmp/_cg
/sdram_pll
Generating ASY schematic symbol...
Loading device for application Rf_Device from file '6slx9.nph' in environment
D:\Program\Xlinx\14.7\ISE_DS\ISE\.
INFO:sim:949 - Finished generation of ASY schematic symbol.
Generating ISE project...
XCO file found: sdram_pll.xco
XMDF file found: sdram_pll_xmdf.tcl
Adding
D:/Projects/FPGA/cartoon/26_sdram_ov5640_lcd/sdram_ov5640_lcd/ipcore_dir/tmp/_cg
/sdram_pll.asy -view all -origin_type imported
Adding
D:/Projects/FPGA/cartoon/26_sdram_ov5640_lcd/sdram_ov5640_lcd/ipcore_dir/tmp/_cg
/sdram_pll.ucf -view all -origin_type created
Adding
D:/Projects/FPGA/cartoon/26_sdram_ov5640_lcd/sdram_ov5640_lcd/ipcore_dir/tmp/_cg
/sdram_pll.v -view all -origin_type created
INFO:HDLCompiler:1845 - Analyzing Verilog file
   "D:/Projects/FPGA/cartoon/26_sdram_ov5640_lcd/sdram_ov5640_lcd/ipcore_dir/tmp
   /_cg/sdram_pll.v" into library work
INFO:ProjectMgmt - Parsing design hierarchy completed successfully.
Adding
D:/Projects/FPGA/cartoon/26_sdram_ov5640_lcd/sdram_ov5640_lcd/ipcore_dir/tmp/_cg
/sdram_pll.veo -view all -origin_type imported
INFO:TclTasksC:2116 - The automatic calculation of top has been turned-off.
   Please set the new top explicitly by running the "project set top" command.
   To re-calculate the new top automatically, set the "Auto Implementation Top"
   property to true.
Top level has been set to "/sdram_pll"
Generating README file...
Generating FLIST file...
INFO:sim:948 - Finished FLIST file generation.
Moving files to output directory...
Finished moving files to output directory
Saved CGP file for project 'coregen'.
